<?xml version="1.0" encoding="UTF-8"?>
<!-- Generated by org.testng.reporters.JUnitReportReporter -->
<testsuite hostname="aapna-lap-017" failures="0" tests="3" name="com.qa.opencart.tests.LoginPageTest" time="3.009" errors="0" timestamp="2022-02-16T15:41:53 IST" skipped="0">
  <testcase classname="com.qa.opencart.tests.LoginPageTest" name="loginPageTitleTest" time="0.039"/>
  <system-out/>
  <testcase classname="com.qa.opencart.tests.LoginPageTest" name="forgotPasswordLinkTest" time="0.119"/>
  <system-out/>
  <testcase classname="com.qa.opencart.tests.LoginPageTest" name="doLoginTest" time="2.851"/>
  <system-out/>
</testsuite> <!-- com.qa.opencart.tests.LoginPageTest -->
